<?xml version="1.0" encoding="UTF-8"?>
<!-- Generated by org.testng.reporters.JUnitReportReporter -->
<testsuite hostname="DESKTOP-2HU0AII" failures="0" tests="1" name="uiTests.Selftest" time="54.837" errors="0" timestamp="2025-08-19T15:13:54 IST" skipped="0">
  <testcase classname="uiTests.Selftest" name="PerformOperations" time="54.837"/>
</testsuite> <!-- uiTests.Selftest -->
