<?xml version="1.0" encoding="UTF-8"?>
<!-- Generated by org.testng.reporters.JUnitReportReporter -->
<testsuite hostname="DESKTOP-2HU0AII" failures="0" tests="1" name="e2eTests.EmployeeE2ETest" time="19.848" errors="0" timestamp="2025-08-12T22:47:13 IST" skipped="0">
  <testcase classname="e2eTests.EmployeeE2ETest" name="createEmployeeViaAPI_ValidateInUI" time="19.848"/>
</testsuite> <!-- e2eTests.EmployeeE2ETest -->
