<?xml version="1.0" encoding="UTF-8"?>
<!-- Generated by org.testng.reporters.JUnitReportReporter -->
<testsuite hostname="DESKTOP-2HU0AII" failures="0" tests="1" name="uiTests.LoginTest" time="16.479" errors="0" timestamp="2025-08-12T22:47:13 IST" skipped="0">
  <testcase classname="uiTests.LoginTest" name="verifyLogin" time="16.479"/>
</testsuite> <!-- uiTests.LoginTest -->
