<?xml version="1.0" encoding="UTF-8"?>
<!-- Generated by org.testng.reporters.JUnitReportReporter -->
<testsuite hostname="DESKTOP-2HU0AII" failures="0" tests="1" name="uiTests.LoginTest" time="12.566" errors="0" timestamp="2025-08-14T17:32:56 IST" skipped="0">
  <testcase classname="uiTests.LoginTest" name="verifyLogin" time="12.566"/>
</testsuite> <!-- uiTests.LoginTest -->
