<?xml version="1.0" encoding="UTF-8"?>
<!-- Generated by org.testng.reporters.JUnitReportReporter -->
<testsuite hostname="DESKTOP-2HU0AII" failures="0" tests="5" name="uiTests.LoginTest" time="79.109" errors="0" timestamp="2025-08-12T17:17:10 IST" skipped="0">
  <testcase classname="uiTests.LoginTest" name="verifyLogin" time="10.472"/>
  <testcase classname="uiTests.LoginTest" name="verifyLogin" time="13.958"/>
  <testcase classname="uiTests.LoginTest" name="verifyLogin" time="32.225"/>
  <testcase classname="uiTests.LoginTest" name="verifyLogin" time="10.981"/>
  <testcase classname="uiTests.LoginTest" name="verifyLogin" time="11.473"/>
</testsuite> <!-- uiTests.LoginTest -->
