<?xml version="1.0" encoding="UTF-8"?>
<!-- Generated by org.testng.reporters.JUnitReportReporter -->
<testsuite hostname="DESKTOP-2HU0AII" failures="0" tests="1" name="uiTests.EmployeeCRUDTest" time="14.731" errors="0" timestamp="2025-08-08T16:11:58 IST" skipped="0">
  <testcase classname="uiTests.EmployeeCRUDTest" name="addEmployee" time="14.731"/>
</testsuite> <!-- uiTests.EmployeeCRUDTest -->
